[ 2016-05-24T16:54:03+08:00 ] ::1 /final/final/home/purchase/addPurchase
INFO: [ app_init ] --START--
INFO: Run Behavior\BuildLiteBehavior [ RunTime:0.001000s ]
INFO: [ app_init ] --END-- [ RunTime:0.001000s ]
ERR: 无法加载模块:Final

[ 2016-05-24T16:54:19+08:00 ] ::1 /final/final/home/purchase/addPurchase
INFO: [ app_init ] --START--
INFO: Run Behavior\BuildLiteBehavior [ RunTime:0.000000s ]
INFO: [ app_init ] --END-- [ RunTime:0.000000s ]
ERR: 无法加载模块:Final

[ 2016-05-24T16:55:15+08:00 ] ::1 /final/final/home/purchase/addPurchase
INFO: [ app_init ] --START--
INFO: Run Behavior\BuildLiteBehavior [ RunTime:0.000000s ]
INFO: [ app_init ] --END-- [ RunTime:0.001000s ]
ERR: 无法加载模块:Final

[ 2016-05-24T16:55:16+08:00 ] ::1 /final/final/home/purchase/addPurchase
INFO: [ app_init ] --START--
INFO: Run Behavior\BuildLiteBehavior [ RunTime:0.000000s ]
INFO: [ app_init ] --END-- [ RunTime:0.001000s ]
ERR: 无法加载模块:Final

